<?xml version="1.0" encoding="UTF-8"?>
<!-- Generated by org.testng.reporters.JUnitReportReporter -->
<testsuite hostname="JATIN" failures="0" tests="1" name="testcases.HomePageTest" time="3.812" errors="0" timestamp="2025-06-15T19:08:59 EDT" skipped="0">
  <testcase classname="testcases.HomePageTest" name="CombinationPlierHeadAsseriton" time="3.812"/>
</testsuite> <!-- testcases.HomePageTest -->
