<?xml version="1.0" encoding="UTF-8"?>
<!-- Generated by org.testng.reporters.JUnitReportReporter -->
<testsuite hostname="JATIN" failures="0" tests="1" name="testcases.ContactPageTest" time="7.387" errors="0" timestamp="2025-06-15T18:53:55 EDT" skipped="0">
  <testcase classname="testcases.ContactPageTest" name="ContactPagefillform" time="7.387"/>
</testsuite> <!-- testcases.ContactPageTest -->
