<?xml version="1.0" encoding="UTF-8"?>
<!-- Generated by org.testng.reporters.JUnitReportReporter -->
<testsuite hostname="JATIN" failures="0" tests="1" name="testcases.CustomerRegistrationTests" time="3.288" errors="0" timestamp="2025-06-15T18:27:02 EDT" skipped="0">
  <testcase classname="testcases.CustomerRegistrationTests" name="newCustomerRegTest" time="3.288"/>
</testsuite> <!-- testcases.CustomerRegistrationTests -->
